<?xml version="1.0" encoding="UTF-8"?>
<!-- Generated by org.testng.reporters.JUnitReportReporter -->
<testsuite skipped="0" hostname="DESKTOP-ND17JER" name="Utilities.BrowserFactory" tests="1" failures="0" timestamp="2021-04-13T21:49:44 PDT" time="4.247" errors="0">
  <testcase name="printMyname" time="4.247" classname="Utilities.BrowserFactory"/>
  <system-out/>
</testsuite> <!-- Utilities.BrowserFactory -->
