<?xml version="1.0" encoding="UTF-8"?>
<!-- Generated by org.testng.reporters.JUnitReportReporter -->
<testsuite skipped="0" hostname="DESKTOP-ND17JER" name="TestCases.LoginTest" tests="1" failures="0" timestamp="2021-04-15T21:21:06 PDT" time="8.121" errors="0">
  <testcase name="loginApp" time="8.121" classname="TestCases.LoginTest"/>
  <system-out/>
</testsuite> <!-- TestCases.LoginTest -->
